Arguments: 
  /usr/local/bin/node /usr/local/bin/yarn ts

PATH: 
  /home/codemaniac/.sdkman/candidates/kotlin/current/bin:/home/codemaniac/.sdkman/candidates/java/current/bin:/home/codemaniac/.sdkman/candidates/gradle/current/bin:/home/codemaniac/anaconda3/bin:/home/codemaniac/anaconda3/condabin:/home/codemaniac/.cargo/bin:/home/codemaniac/.local/bin:/usr/local/sbin:/usr/local/bin:/usr/sbin:/usr/bin:/sbin:/bin:/usr/games:/usr/local/games:/snap/bin:/home/codemaniac/.dotnet/tools:/home/codemaniac/.rvm/bin:/usr/local/go/bin:/usr/local/android-studio/bin:/usr/local/flutter/bin:/home/codemaniac/Android/Sdk/emulator:/home/codemaniac/Android/Sdk/tools:/home/codemaniac/Android/Sdk/tools/bin:/home/codemaniac/Android/Sdk/platform-tools:/home/codemaniac/.cargo/bin:/home/codemaniac/.pub-cache/bin:/home/codemaniac/Downloads/composer.phar:/home/codemaniac/.rvm/bin

Yarn version: 
  1.22.10

Node version: 
  14.16.0

Platform: 
  linux x64

Trace: 
  SyntaxError: /home/codemaniac/typescript/package.json: Unexpected string in JSON at position 282
      at JSON.parse (<anonymous>)
      at /usr/local/lib/node_modules/yarn/lib/cli.js:1625:59
      at Generator.next (<anonymous>)
      at step (/usr/local/lib/node_modules/yarn/lib/cli.js:310:30)
      at /usr/local/lib/node_modules/yarn/lib/cli.js:321:13

npm manifest: 
  {
    "name": "typescript",
    "version": "1.0.0",
    "description": "simple Restful API with Typescript n Express",
    "main": "index.js",
    "license": "MIT",
    "scripts":{
     "tsc": "rm -rf build/ && tsc",
     "ts": "rm -rf build/ && tsc -w",
     "dev": "nodemon ./build/index.js"
    }
    "devDependencies": {
      "typescript": "^4.3.5"
    }
  }

yarn manifest: 
  No manifest

Lockfile: 
  # THIS IS AN AUTOGENERATED FILE. DO NOT EDIT THIS FILE DIRECTLY.
  # yarn lockfile v1
  
  
  typescript@^4.3.5:
    version "4.3.5"
    resolved "https://registry.yarnpkg.com/typescript/-/typescript-4.3.5.tgz#4d1c37cc16e893973c45a06886b7113234f119f4"
    integrity sha512-DqQgihaQ9cUrskJo9kIyW/+g0Vxsk8cDtZ52a3NGh0YNTfpUSArXSohyUGnvbPazEPLu398C0UxmKSOrPumUzA==
